Executing only stages:
Test + Release
==================================== Pre Init ====================================
Compiling "D:\1Cергей\Мои программы\проекты\POCGL\Tests\Tester.pas"
Finished compiling: OK
===================================== Testing ====================================
Runing Tester
Tester: Compiling "D:\1Cергей\Мои программы\проекты\POCGL\Samples\OpenCL\MatrMlt.pas"
Tester: Finished compiling: OK
Tester: Compiling "D:\1Cергей\Мои программы\проекты\POCGL\Samples\OpenCL\SimpleAddition.pas"
Tester: Finished compiling: OK
Tester: Compiling "D:\1Cергей\Мои программы\проекты\POCGL\Samples\OpenCLABC\Простейшие примеры\MatrMlt.pas"
Tester: Finished compiling: OK
Tester: Compiling "D:\1Cергей\Мои программы\проекты\POCGL\Samples\OpenCLABC\Простейшие примеры\SimpleAddition.pas"
Tester: Finished compiling: OK
Tester: Compiling "D:\1Cергей\Мои программы\проекты\POCGL\Samples\OpenGL\Крутящийся треугольник 1 (простейший пример).pas"
Tester: Finished compiling: ERRОR
Tester: Compiling "D:\1Cергей\Мои программы\проекты\POCGL\Tests\Exec\GL\Mtr.Rotate3D.pas"
Tester: Finished compiling: OK
Tester: Compiling "D:\1Cергей\Мои программы\проекты\POCGL\Tests\Exec\GL\Mtr.Translate.pas"
Tester: Finished compiling: OK
Tester: Compiling "D:\1Cергей\Мои программы\проекты\POCGL\Tests\Exec\Spec Samples\CL ABC_2#Очередь [команд] (CommandQueue)_1#Возвращаемое значение очередей.md sample#1.pas"
Tester: Finished compiling: OK
Tester: Compiling "D:\1Cергей\Мои программы\проекты\POCGL\Tests\Exec\Spec Samples\CL ABC_2#Очередь [команд] (CommandQueue)_2#Создание очередей.md sample#0.pas"
Tester: Finished compiling: OK
Tester: Compiling "D:\1Cергей\Мои программы\проекты\POCGL\Tests\Exec\Spec Samples\CL ABC_2#Очередь [команд] (CommandQueue)_2#Создание очередей.md sample#10.pas"
Tester: Finished compiling: OK
Tester: Compiling "D:\1Cергей\Мои программы\проекты\POCGL\Tests\Exec\Spec Samples\CL ABC_2#Очередь [команд] (CommandQueue)_2#Создание очередей.md sample#6.pas"
Tester: Finished compiling: OK
Tester: Compiling "D:\1Cергей\Мои программы\проекты\POCGL\Tests\Exec\Spec Samples\CL ABC_2#Очередь [команд] (CommandQueue)_2#Создание очередей.md sample#7.pas"
Tester: Finished compiling: OK
Tester: Compiling "D:\1Cергей\Мои программы\проекты\POCGL\Tests\Exec\Spec Samples\CL ABC_2#Очередь [команд] (CommandQueue)_2#Создание очередей.md sample#9.pas"
Tester: Finished compiling: OK
Tester: Compiling "D:\1Cергей\Мои программы\проекты\POCGL\Tests\Exec\Spec Samples\CL ABC_2#Очередь [команд] (CommandQueue)_4#Вложенные очереди.md sample#0.pas"
Tester: Finished compiling: OK
Tester: Compiling "D:\1Cергей\Мои программы\проекты\POCGL\Tests\Exec\Spec Samples\CL ABC_4#Контейнер для кода (ProgramCode)_2#Создание из бинарного файла.md sample#1.pas"
Tester: Finished compiling: OK
Tester: Compiling "D:\1Cергей\Мои программы\проекты\POCGL\Tests\Exec\Spec Samples\CL ABC_4#Контейнер для кода (ProgramCode)_2#Создание из бинарного файла.md sample#2.pas"
Tester: Finished compiling: ERRОR
Tester: %WARNING: settings updated for "Tests\Exec\Spec Samples\CL ABC_4#Контейнер для кода (ProgramCode)_2#Создание из бинарного файла.md sample#2.td"
Tester: Compiling "D:\1Cергей\Мои программы\проекты\POCGL\Tests\Exec\Spec Samples\CL ABC_5#Kernel_.md sample#1.pas"
Tester: Finished compiling: ERRОR
Tester: %WARNING: settings updated for "Tests\Exec\Spec Samples\CL ABC_5#Kernel_.md sample#1.td"
Tester: Compiling "D:\1Cергей\Мои программы\проекты\POCGL\Tests\Exec\Spec Samples\Nativ Interop_2#Делегаты_.md sample#3.pas"
Tester: Finished compiling: ERRОR
Tester: %WARNING: settings updated for "Tests\Exec\Spec Samples\Nativ Interop_2#Делегаты_.md sample#3.td"
Tester: Compiling "D:\1Cергей\Мои программы\проекты\POCGL\Tests\Exec\Spec Samples\Nativ Interop_2#Делегаты_.md sample#4.pas"
Tester: Finished compiling: ERRОR
Tester: %WARNING: settings updated for "Tests\Exec\Spec Samples\Nativ Interop_2#Делегаты_.md sample#4.td"
Tester: Runing Test[Samples\OpenCLABC\Простейшие примеры\MatrMlt]
Tester: Finished runing Test[Samples\OpenCLABC\Простейшие примеры\MatrMlt]
Tester: Runing Test[Samples\OpenCLABC\Простейшие примеры\SimpleAddition]
Tester: Finished runing Test[Samples\OpenCLABC\Простейшие примеры\SimpleAddition]
Tester: Runing Test[Tests\Exec\GL\Mtr.Rotate3D]
Tester: Finished runing Test[Tests\Exec\GL\Mtr.Rotate3D]
Tester: Runing Test[Tests\Exec\GL\Mtr.Translate]
Tester: Finished runing Test[Tests\Exec\GL\Mtr.Translate]
Tester: Runing Test[Tests\Exec\Spec Samples\CL ABC_2#Очередь [команд] (CommandQueue)_1#Возвращаемое значение очередей.md sample#1]
Tester: Finished runing Test[Tests\Exec\Spec Samples\CL ABC_2#Очередь [команд] (CommandQueue)_1#Возвращаемое значение очередей.md sample#1]
Tester: WARNING: settings updated for "Tests\Exec\Spec Samples\CL ABC_2#Очередь [команд] (CommandQueue)_1#Возвращаемое значение очередей.md sample#1.td"
Tester: Runing Test[Tests\Exec\Spec Samples\CL ABC_2#Очередь [команд] (CommandQueue)_2#Создание очередей.md sample#0]
Tester: Finished runing Test[Tests\Exec\Spec Samples\CL ABC_2#Очередь [команд] (CommandQueue)_2#Создание очередей.md sample#0]
Tester: WARNING: settings updated for "Tests\Exec\Spec Samples\CL ABC_2#Очередь [команд] (CommandQueue)_2#Создание очередей.md sample#0.td"
Tester: Runing Test[Tests\Exec\Spec Samples\CL ABC_2#Очередь [команд] (CommandQueue)_2#Создание очередей.md sample#10]
Tester: Finished runing Test[Tests\Exec\Spec Samples\CL ABC_2#Очередь [команд] (CommandQueue)_2#Создание очередей.md sample#10]
Tester: WARNING: settings updated for "Tests\Exec\Spec Samples\CL ABC_2#Очередь [команд] (CommandQueue)_2#Создание очередей.md sample#10.td"
Tester: Runing Test[Tests\Exec\Spec Samples\CL ABC_2#Очередь [команд] (CommandQueue)_2#Создание очередей.md sample#6]
Tester: ERROR: execution took too long for "Tests\Exec\Spec Samples\CL ABC_2#Очередь [команд] (CommandQueue)_2#Создание очередей.md sample#6.exe"
Tester: Runing Test[Tests\Exec\Spec Samples\CL ABC_2#Очередь [команд] (CommandQueue)_2#Создание очередей.md sample#7]
Tester: Finished runing Test[Tests\Exec\Spec Samples\CL ABC_2#Очередь [команд] (CommandQueue)_2#Создание очередей.md sample#7]
Tester: WARNING: settings updated for "Tests\Exec\Spec Samples\CL ABC_2#Очередь [команд] (CommandQueue)_2#Создание очередей.md sample#7.td"
Tester: Runing Test[Tests\Exec\Spec Samples\CL ABC_2#Очередь [команд] (CommandQueue)_2#Создание очередей.md sample#9]
Tester: Finished runing Test[Tests\Exec\Spec Samples\CL ABC_2#Очередь [команд] (CommandQueue)_2#Создание очередей.md sample#9]
Tester: WARNING: settings updated for "Tests\Exec\Spec Samples\CL ABC_2#Очередь [команд] (CommandQueue)_2#Создание очередей.md sample#9.td"
Tester: Runing Test[Tests\Exec\Spec Samples\CL ABC_2#Очередь [команд] (CommandQueue)_4#Вложенные очереди.md sample#0]
Tester: Finished runing Test[Tests\Exec\Spec Samples\CL ABC_2#Очередь [команд] (CommandQueue)_4#Вложенные очереди.md sample#0]
Tester: WARNING: settings updated for "Tests\Exec\Spec Samples\CL ABC_2#Очередь [команд] (CommandQueue)_4#Вложенные очереди.md sample#0.td"
Tester: Runing Test[Tests\Exec\Spec Samples\CL ABC_4#Контейнер для кода (ProgramCode)_2#Создание из бинарного файла.md sample#1]
Tester: ERROR: execution took too long for "Tests\Exec\Spec Samples\CL ABC_4#Контейнер для кода (ProgramCode)_2#Создание из бинарного файла.md sample#1.exe"
Tester: System.IO.FileNotFoundException: Не удалось загрузить файл или сборку "D:\1Cергей\Мои программы\проекты\POCGL\Tests\Exec\Spec Samples\CL ABC_4#Контейнер для кода (ProgramCode)_2#Создание из бинарного файла.md sample#2.exe" либо одну из их зависимостей. Не удается найти указанный файл.
System.ArgumentOutOfRangeException: Значение StartIndex не может быть меньше нуля.
Имя параметра: startIndex
   в System.String.Remove(Int32 startIndex)
   в MiscUtils.<>local_variables_class_1.<>lambda6(OtpLine <>l)
   в System.Linq.Enumerable.WhereSelectEnumerableIterator`2.MoveNext()
   в MiscUtils.MiscUtils.RunFile(String fname, String nick, Action`1 l_otp, String[] pars)
   в MiscUtils.MiscUtils.ExecuteFile(String fname, String nick, Action`1 l_otp, Action`1 err, String[] pars)
   в MiscUtils.MiscUtils.ExecuteFile(String fname, String nick, String[] pars)
   в MiscUtils.<>local_variables_class_4.<>lambda10()
   в MiscUtils.SecThrProcCustom.SyncExec()
   в MiscUtils.SecThrProcSum.SyncExec()
   в MiscUtils.SecThrProcSum.SyncExec()
   в MiscUtils.SecThrProcSum.SyncExec()
   в prog.prog.$Main()
